Ansys Lumerical 2023 R2.2 Eigenmode Expansion Solver Version 7.22.3536 (Linux 64bit)
 expires (month/day/year): 12/21/2023
using config file: Ansys Licensing set with ANSYSLMD_LICENSE_FILE
license host: 27025@ansys-tlm.ece.ubc.ca
current time: Thu. Nov. 9 08:35:36 2023
Running on host: musta
All processes are communicating and ready to proceed to simulation...
Running lms file: /opt/lumerical/v232/bin/eme-engine-mpich2nem -t 1 -remote -shared-solve-license QU5TWVNfTElDRU5TSU5HX0NPTlRFWFRfREFUQT08QU5TWVNfTElDRU5TSU5HX0NPTlRFWFRfREFUQT48SUQ+MzMxZTgyYWEtNTYzNy00NDg5LTkxOGMtZWNlMmMzMjQwYzE3PC9JRD48VFlQRT5BUFBfREVGSU5FRDwvVFlQRT48TkFNRT5sdW1fc3RhbmRhcmRfc29sdmVfc2hhcmU8L05BTUU+PEhBTkRMRVI+NTkwMzFAbXVzdGE8L0hBTkRMRVI+PC9BTlNZU19MSUNFTlNJTkdfQ09OVEVYVF9EQVRBPgo= /home/mustafa/git/SiEPIC_Passives_2023/contra_directional_couplers/auto_cmt_tmm/ContraDC_EME_sweep.lms
All processes are communicating and ready to proceed to simulation...
Running MODE Simulation
Starting simulation
Starting meshing
Simulation size in gridpoints: 1 x 293 x 60
Refined 0 mesh cells (0%)
Completed meshing!
Meshing complete in 0.038084 seconds of CPU time
Starting meshing
Simulation size in gridpoints: 1 x 293 x 60
Refined 0 mesh cells (0%)
Completed meshing!
Meshing complete in 0.035773 seconds of CPU time
Starting meshing
Simulation size in gridpoints: 1 x 293 x 60
Refined 0 mesh cells (0%)
Completed meshing!
Meshing complete in 0.035606 seconds of CPU time
All processes are communicating and ready to proceed to simulation...
Starting meshing
Simulation size in gridpoints: 1 x 293 x 60
Refined 0 mesh cells (0%)
Completed meshing!
Meshing complete in 0.034189 seconds of CPU time
Starting meshing
Simulation size in gridpoints: 1 x 293 x 60
Refined 0 mesh cells (0%)
Completed meshing!
Meshing complete in 0.033959 seconds of CPU time
Starting meshing
Simulation size in gridpoints: 1 x 293 x 60
Refined 0 mesh cells (0%)
Completed meshing!
Meshing complete in 0.033523 seconds of CPU time
Starting meshing
Simulation size in gridpoints: 1 x 293 x 60
Refined 0 mesh cells (0%)
Completed meshing!
Meshing complete in 0.033895 seconds of CPU time
Starting meshing
Simulation size in gridpoints: 1 x 293 x 60
Refined 0 mesh cells (0%)
Completed meshing!
Meshing complete in 0.033933 seconds of CPU time
Starting meshing
Simulation size in gridpoints: 1 x 293 x 60
Refined 0 mesh cells (0%)
Completed meshing!
Meshing complete in 0.033416 seconds of CPU time
EME simulation time (s): 26.5875
Number of processes: 8
Warning: Number of processes in resource configuration exceeded number of EME cells.  Only 4 processes used in simulation.
Time to normalize fields and orthogonalize degenerate modes:  1.94522
Time to calculate modes:  15.4212
Time to calculate overlaps: 8.82399
Total communication time: 0.657542
Simulation completed successfully at: Thu. Nov. 9 08:36:03 2023
Overall EME run time (s): 29.818
